#
# There is insufficient memory for the Java Runtime Environment to continue.
# Native memory allocation (malloc) failed to allocate 352496 bytes for Chunk::new
# Possible reasons:
#   The system is out of physical RAM or swap space
#   In 32 bit mode, the process size limit was hit
# Possible solutions:
#   Reduce memory load on the system
#   Increase physical memory or swap space
#   Check if swap backing store is full
#   Use 64 bit Java on a 64 bit OS
#   Decrease Java heap size (-Xmx/-Xms)
#   Decrease number of Java threads
#   Decrease Java thread stack sizes (-Xss)
#   Set larger code cache with -XX:ReservedCodeCacheSize=
# This output file may be truncated or incomplete.
#
#  Out of Memory Error (allocation.cpp:390), pid=17288, tid=0x0000000000008b34
#
# JRE version: OpenJDK Runtime Environment (8.0_112-b06) (build 1.8.0_112-release-b06)
# Java VM: OpenJDK 64-Bit Server VM (25.112-b06 mixed mode windows-amd64 compressed oops)
# Failed to write core dump. Minidumps are not enabled by default on client versions of Windows
#

---------------  T H R E A D  ---------------

Current thread (0x00000000161ab000):  JavaThread "C2 CompilerThread0" daemon [_thread_in_native, id=35636, stack(0x0000000017b30000,0x0000000017c30000)]

Stack: [0x0000000017b30000,0x0000000017c30000]
[error occurred during error reporting (printing stack bounds), id 0xc0000005]

Native frames: (J=compiled Java code, j=interpreted, Vv=VM code, C=native code)


Current CompileTask:
C2:   2961 1298       4       java.net.URLClassLoader$1::run (5 bytes)


---------------  P R O C E S S  ---------------

Java Threads: ( => current thread )
  0x0000000019bcd800 JavaThread "File lock request listener" [_thread_in_native, id=47036, stack(0x000000001b5c0000,0x000000001b6c0000)]
  0x0000000019bcc800 JavaThread "Cache worker for file hash cache (C:\Users\Lenovo\.gradle\caches\3.5\fileHashes)" [_thread_blocked, id=34576, stack(0x000000001b4c0000,0x000000001b5c0000)]
  0x000000001984b800 JavaThread "Stdin handler" [_thread_blocked, id=13384, stack(0x000000001b3c0000,0x000000001b4c0000)]
  0x000000001984b000 JavaThread "Asynchronous log dispatcher for DefaultDaemonConnection: socket connection from /127.0.0.1:57809 to /127.0.0.1:57810" [_thread_blocked, id=28144, stack(0x000000001b2c0000,0x000000001b3c0000)]
  0x0000000019031000 JavaThread "Daemon worker" [_thread_in_vm, id=11488, stack(0x000000001b1c0000,0x000000001b2c0000)]
  0x00000000191ec800 JavaThread "Cancel handler" [_thread_blocked, id=37100, stack(0x000000001b0c0000,0x000000001b1c0000)]
  0x0000000018d17800 JavaThread "Handler for socket connection from /127.0.0.1:57809 to /127.0.0.1:57810" [_thread_in_native, id=33316, stack(0x000000001adc0000,0x000000001aec0000)]
  0x0000000018e72000 JavaThread "Daemon" [_thread_blocked, id=37204, stack(0x000000001acc0000,0x000000001adc0000)]
  0x0000000018e6b800 JavaThread "Daemon periodic checks" [_thread_blocked, id=41708, stack(0x000000001abc0000,0x000000001acc0000)]
  0x0000000018fc3800 JavaThread "Incoming local TCP Connector on port 57809" [_thread_in_native, id=6096, stack(0x000000001a7d0000,0x000000001a8d0000)]
  0x00000000175b0000 JavaThread "Service Thread" daemon [_thread_blocked, id=44336, stack(0x0000000017e30000,0x0000000017f30000)]
  0x000000001753b000 JavaThread "C1 CompilerThread2" daemon [_thread_blocked, id=44796, stack(0x0000000017d30000,0x0000000017e30000)]
  0x00000000161ad800 JavaThread "C2 CompilerThread1" daemon [_thread_in_native, id=17400, stack(0x0000000017c30000,0x0000000017d30000)]
=>0x00000000161ab000 JavaThread "C2 CompilerThread0" daemon [_thread_in_native, id=35636, stack(0x0000000017b30000,0x0000000017c30000)]
  0x00000000161aa000 JavaThread "Attach Listener" daemon [_thread_blocked, id=17352, stack(0x0000000017a30000,0x0000000017b30000)]
  0x0000000017538800 JavaThread "Signal Dispatcher" daemon [_thread_blocked, id=45448, stack(0x0000000017930000,0x0000000017a30000)]
  0x0000000016138800 JavaThread "Finalizer" daemon [_thread_blocked, id=17876, stack(0x00000000173c0000,0x00000000174c0000)]
  0x00000000027b1800 JavaThread "Reference Handler" daemon [_thread_blocked, id=27840, stack(0x00000000172c0000,0x00000000173c0000)]
  0x000000000225e000 JavaThread "main" [_thread_blocked, id=48068, stack(0x0000000002260000,0x0000000002360000)]

Other Threads:
  0x0000000016116000 VMThread [stack: 0x00000000171c0000,0x00000000172c0000] [id=120]
  0x00000000175b3000 WatcherThread [stack: 0x0000000017f30000,0x0000000018030000] [id=28224]

VM state:not at safepoint (normal execution)

VM Mutex/Monitor currently owned by a thread: None

Heap:
 PSYoungGen      total 35840K, used 7149K [0x00000000e0000000, 0x00000000e2800000, 0x0000000100000000)
  eden space 30720K, 6% used [0x00000000e0000000,0x00000000e0200ee0,0x00000000e1e00000)
  from space 5120K, 99% used [0x00000000e1e00000,0x00000000e22fa8f8,0x00000000e2300000)
  to   space 5120K, 0% used [0x00000000e2300000,0x00000000e2300000,0x00000000e2800000)
 ParOldGen       total 81920K, used 2790K [0x00000000a0000000, 0x00000000a5000000, 0x00000000e0000000)
  object space 81920K, 3% used [0x00000000a0000000,0x00000000a02b9960,0x00000000a5000000)
 Metaspace       used 14937K, capacity 15206K, committed 15232K, reserved 1062912K
  class space    used 2065K, capacity 2161K, committed 2176K, reserved 1048576K

Card table byte_map: [0x0000000011b80000,0x0000000011e90000] byte_map_base: 0x0000000011680000

Marking Bits: (ParMarkBitMap*) 0x0000000059d218f0
 Begin Bits: [0x0000000012490000, 0x0000000013c90000)
 End Bits:   [0x0000000013c90000, 0x0000000015490000)

Polling page: 0x0000000002230000

CodeCache: size=245760Kb used=4707Kb max_used=4707Kb free=241052Kb
 bounds [0x00000000027c0000, 0x0000000002c60000, 0x00000000117c0000]
 total_blobs=1696 nmethods=1326 adapters=283
 compilation: enabled

Compilation events (10 events):
Event: 2.943 Thread 0x000000001753b000 1327       1       java.security.PermissionCollection::isReadOnly (5 bytes)
Event: 2.943 Thread 0x000000001753b000 nmethod 1327 0x0000000002c598d0 code [0x0000000002c59a20, 0x0000000002c59b30]
Event: 2.944 Thread 0x000000001753b000 1328       3       java.lang.Class::cast (27 bytes)
Event: 2.944 Thread 0x000000001753b000 nmethod 1328 0x0000000002c59b90 code [0x0000000002c59d20, 0x0000000002c5a098]
Event: 2.945 Thread 0x000000001753b000 1329       3       sun.reflect.MethodAccessorImpl::<init> (5 bytes)
Event: 2.946 Thread 0x000000001753b000 nmethod 1329 0x0000000002c5a190 code [0x0000000002c5a300, 0x0000000002c5a510]
Event: 2.946 Thread 0x000000001753b000 1330       1       java.lang.reflect.Method::getMethodAccessor (5 bytes)
Event: 2.946 Thread 0x000000001753b000 nmethod 1330 0x0000000002c5a5d0 code [0x0000000002c5a720, 0x0000000002c5a830]
Event: 2.946 Thread 0x000000001753b000 1331       3       java.lang.reflect.Method::setMethodAccessor (21 bytes)
Event: 2.946 Thread 0x000000001753b000 nmethod 1331 0x0000000002c5a890 code [0x0000000002c5aa00, 0x0000000002c5ada8]

GC Heap History (6 events):
Event: 0.771 GC heap before
{Heap before GC invocations=1 (full 0):
 PSYoungGen      total 35840K, used 30720K [0x00000000e0000000, 0x00000000e2800000, 0x0000000100000000)
  eden space 30720K, 100% used [0x00000000e0000000,0x00000000e1e00000,0x00000000e1e00000)
  from space 5120K, 0% used [0x00000000e2300000,0x00000000e2300000,0x00000000e2800000)
  to   space 5120K, 0% used [0x00000000e1e00000,0x00000000e1e00000,0x00000000e2300000)
 ParOldGen       total 81920K, used 0K [0x00000000a0000000, 0x00000000a5000000, 0x00000000e0000000)
  object space 81920K, 0% used [0x00000000a0000000,0x00000000a0000000,0x00000000a5000000)
 Metaspace       used 6881K, capacity 7080K, committed 7296K, reserved 1056768K
  class space    used 841K, capacity 892K, committed 896K, reserved 1048576K
Event: 0.776 GC heap after
Heap after GC invocations=1 (full 0):
 PSYoungGen      total 35840K, used 4424K [0x00000000e0000000, 0x00000000e2800000, 0x0000000100000000)
  eden space 30720K, 0% used [0x00000000e0000000,0x00000000e0000000,0x00000000e1e00000)
  from space 5120K, 86% used [0x00000000e1e00000,0x00000000e22522a8,0x00000000e2300000)
  to   space 5120K, 0% used [0x00000000e2300000,0x00000000e2300000,0x00000000e2800000)
 ParOldGen       total 81920K, used 8K [0x00000000a0000000, 0x00000000a5000000, 0x00000000e0000000)
  object space 81920K, 0% used [0x00000000a0000000,0x00000000a0002000,0x00000000a5000000)
 Metaspace       used 6881K, capacity 7080K, committed 7296K, reserved 1056768K
  class space    used 841K, capacity 892K, committed 896K, reserved 1048576K
}
Event: 2.015 GC heap before
{Heap before GC invocations=2 (full 0):
 PSYoungGen      total 35840K, used 35144K [0x00000000e0000000, 0x00000000e2800000, 0x0000000100000000)
  eden space 30720K, 100% used [0x00000000e0000000,0x00000000e1e00000,0x00000000e1e00000)
  from space 5120K, 86% used [0x00000000e1e00000,0x00000000e22522a8,0x00000000e2300000)
  to   space 5120K, 0% used [0x00000000e2300000,0x00000000e2300000,0x00000000e2800000)
 ParOldGen       total 81920K, used 8K [0x00000000a0000000, 0x00000000a5000000, 0x00000000e0000000)
  object space 81920K, 0% used [0x00000000a0000000,0x00000000a0002000,0x00000000a5000000)
 Metaspace       used 11830K, capacity 12180K, committed 12416K, reserved 1060864K
  class space    used 1534K, capacity 1646K, committed 1664K, reserved 1048576K
Event: 2.025 GC heap after
Heap after GC invocations=2 (full 0):
 PSYoungGen      total 35840K, used 5106K [0x00000000e0000000, 0x00000000e2800000, 0x0000000100000000)
  eden space 30720K, 0% used [0x00000000e0000000,0x00000000e0000000,0x00000000e1e00000)
  from space 5120K, 99% used [0x00000000e2300000,0x00000000e27fcb10,0x00000000e2800000)
  to   space 5120K, 0% used [0x00000000e1e00000,0x00000000e1e00000,0x00000000e2300000)
 ParOldGen       total 81920K, used 586K [0x00000000a0000000, 0x00000000a5000000, 0x00000000e0000000)
  object space 81920K, 0% used [0x00000000a0000000,0x00000000a0092a38,0x00000000a5000000)
 Metaspace       used 11830K, capacity 12180K, committed 12416K, reserved 1060864K
  class space    used 1534K, capacity 1646K, committed 1664K, reserved 1048576K
}
Event: 2.882 GC heap before
{Heap before GC invocations=3 (full 0):
 PSYoungGen      total 35840K, used 35826K [0x00000000e0000000, 0x00000000e2800000, 0x0000000100000000)
  eden space 30720K, 100% used [0x00000000e0000000,0x00000000e1e00000,0x00000000e1e00000)
  from space 5120K, 99% used [0x00000000e2300000,0x00000000e27fcb10,0x00000000e2800000)
  to   space 5120K, 0% used [0x00000000e1e00000,0x00000000e1e00000,0x00000000e2300000)
 ParOldGen       total 81920K, used 586K [0x00000000a0000000, 0x00000000a5000000, 0x00000000e0000000)
  object space 81920K, 0% used [0x00000000a0000000,0x00000000a0092a38,0x00000000a5000000)
 Metaspace       used 14680K, capacity 14982K, committed 15232K, reserved 1062912K
  class space    used 2028K, capacity 2129K, committed 2176K, reserved 1048576K
Event: 2.908 GC heap after
Heap after GC invocations=3 (full 0):
 PSYoungGen      total 35840K, used 5098K [0x00000000e0000000, 0x00000000e2800000, 0x0000000100000000)
  eden space 30720K, 0% used [0x00000000e0000000,0x00000000e0000000,0x00000000e1e00000)
  from space 5120K, 99% used [0x00000000e1e00000,0x00000000e22fa8f8,0x00000000e2300000)
  to   space 5120K, 0% used [0x00000000e2300000,0x00000000e2300000,0x00000000e2800000)
 ParOldGen       total 81920K, used 2790K [0x00000000a0000000, 0x00000000a5000000, 0x00000000e0000000)
  object space 81920K, 3% used [0x00000000a0000000,0x00000000a02b9960,0x00000000a5000000)
 Metaspace       used 14680K, capacity 14982K, committed 15232K, reserved 1062912K
  class space    used 2028K, capacity 2129K, committed 2176K, reserved 1048576K
}

Deoptimization events (10 events):
Event: 1.291 Thread 0x000000000225e000 Uncommon trap: reason=class_check action=maybe_recompile pc=0x0000000002a39b84 method=java.util.HashMap.putVal(ILjava/lang/Object;Ljava/lang/Object;ZZ)Ljava/lang/Object; @ 203
Event: 1.291 Thread 0x000000000225e000 Uncommon trap: reason=unstable_if action=reinterpret pc=0x0000000002abe73c method=java.util.HashMap.getNode(ILjava/lang/Object;)Ljava/util/HashMap$Node; @ 129
Event: 1.291 Thread 0x000000000225e000 Uncommon trap: reason=class_check action=maybe_recompile pc=0x0000000002a39b84 method=java.util.HashMap.putVal(ILjava/lang/Object;Ljava/lang/Object;ZZ)Ljava/lang/Object; @ 203
Event: 2.041 Thread 0x0000000019031000 Uncommon trap: reason=bimorphic action=maybe_recompile pc=0x0000000002a3968c method=java.util.HashMap.putVal(ILjava/lang/Object;Ljava/lang/Object;ZZ)Ljava/lang/Object; @ 253
Event: 2.041 Thread 0x0000000019031000 Uncommon trap: reason=bimorphic action=maybe_recompile pc=0x0000000002a3968c method=java.util.HashMap.putVal(ILjava/lang/Object;Ljava/lang/Object;ZZ)Ljava/lang/Object; @ 253
Event: 2.041 Thread 0x0000000019031000 Uncommon trap: reason=bimorphic action=maybe_recompile pc=0x0000000002a3968c method=java.util.HashMap.putVal(ILjava/lang/Object;Ljava/lang/Object;ZZ)Ljava/lang/Object; @ 253
Event: 2.041 Thread 0x0000000019031000 Uncommon trap: reason=bimorphic action=maybe_recompile pc=0x0000000002a3968c method=java.util.HashMap.putVal(ILjava/lang/Object;Ljava/lang/Object;ZZ)Ljava/lang/Object; @ 253
Event: 2.041 Thread 0x0000000019031000 Uncommon trap: reason=bimorphic action=maybe_recompile pc=0x0000000002a2ff60 method=java.util.HashMap.putVal(ILjava/lang/Object;Ljava/lang/Object;ZZ)Ljava/lang/Object; @ 253
Event: 2.237 Thread 0x0000000019031000 Uncommon trap: reason=class_check action=maybe_recompile pc=0x0000000002a2e1e0 method=java.util.regex.Matcher.match(II)Z @ 86
Event: 2.249 Thread 0x0000000019031000 Uncommon trap: reason=class_check action=maybe_recompile pc=0x0000000002a2e1e0 method=java.util.regex.Matcher.match(II)Z @ 86

Internal exceptions (10 events):
Event: 2.005 Thread 0x0000000018d17800 Exception <a 'java/lang/NoSuchMethodError': <clinit>> (0x00000000e1d86638) thrown at [C:\src\android\AOSP-openjdk\external\jetbrains\jdk\hotspot\src\share\vm\prims\jni.cpp, line 1613]
Event: 2.030 Thread 0x0000000019031000 Exception <a 'java/lang/NoSuchMethodError': <clinit>> (0x00000000e010feb0) thrown at [C:\src\android\AOSP-openjdk\external\jetbrains\jdk\hotspot\src\share\vm\prims\jni.cpp, line 1613]
Event: 2.031 Thread 0x0000000019031000 Exception <a 'java/lang/NoSuchMethodError': <clinit>> (0x00000000e0118138) thrown at [C:\src\android\AOSP-openjdk\external\jetbrains\jdk\hotspot\src\share\vm\prims\jni.cpp, line 1613]
Event: 2.077 Thread 0x0000000019031000 Exception <a 'java/lang/ArrayIndexOutOfBoundsException'> (0x00000000e03a7ab0) thrown at [C:\src\android\AOSP-openjdk\external\jetbrains\jdk\hotspot\src\share\vm\runtime\sharedRuntime.cpp, line 605]
Event: 2.097 Thread 0x0000000019031000 Exception <a 'java/lang/ArrayIndexOutOfBoundsException'> (0x00000000e04d5d00) thrown at [C:\src\android\AOSP-openjdk\external\jetbrains\jdk\hotspot\src\share\vm\runtime\sharedRuntime.cpp, line 605]
Event: 2.100 Thread 0x0000000019031000 Exception <a 'java/lang/ArrayIndexOutOfBoundsException'> (0x00000000e0500310) thrown at [C:\src\android\AOSP-openjdk\external\jetbrains\jdk\hotspot\src\share\vm\runtime\sharedRuntime.cpp, line 605]
Event: 2.100 Thread 0x0000000019031000 Exception <a 'java/lang/ArrayIndexOutOfBoundsException'> (0x00000000e05024b0) thrown at [C:\src\android\AOSP-openjdk\external\jetbrains\jdk\hotspot\src\share\vm\runtime\sharedRuntime.cpp, line 605]
Event: 2.150 Thread 0x0000000019031000 Exception <a 'java/lang/ArrayIndexOutOfBoundsException'> (0x00000000e0a24568) thrown at [C:\src\android\AOSP-openjdk\external\jetbrains\jdk\hotspot\src\share\vm\runtime\sharedRuntime.cpp, line 605]
Event: 2.150 Thread 0x0000000019031000 Exception <a 'java/lang/ArrayIndexOutOfBoundsException'> (0x00000000e0a279a0) thrown at [C:\src\android\AOSP-openjdk\external\jetbrains\jdk\hotspot\src\share\vm\runtime\sharedRuntime.cpp, line 605]
Event: 2.151 Thread 0x0000000019031000 Exception <a 'java/lang/ArrayIndexOutOfBoundsException'> (0x00000000e0a2a6a0) thrown at [C:\src\android\AOSP-openjdk\external\jetbrains\jdk\hotspot\src\share\vm\runtime\sharedRuntime.cpp, line 605]

Events (10 events):
Event: 2.949 loading class org/gradle/api/initialization/Settings
Event: 2.949 loading class org/gradle/api/initialization/Settings done
Event: 2.950 loading class org/gradle/initialization/ProjectPropertySettingBuildLoader
Event: 2.950 loading class org/gradle/initialization/ProjectPropertySettingBuildLoader done
Event: 2.951 loading class org/gradle/initialization/InstantiatingBuildLoader
Event: 2.951 loading class org/gradle/initialization/InstantiatingBuildLoader done
Event: 2.951 loading class org/gradle/api/internal/project/DefaultProjectRegistry
Event: 2.951 loading class org/gradle/api/internal/project/DefaultProjectRegistry done
Event: 2.958 loading class org/gradle/api/internal/project/ProjectFactory
Event: 2.958 loading class org/gradle/api/internal/project/ProjectFactory done


Dynamic libraries:
0x00007ff7ed9d0000 - 0x00007ff7eda01000 	C:\Program Files\Android\Android Studio\jre\bin\java.exe
0x00007ffdadcc0000 - 0x00007ffdade91000 	C:\WINDOWS\SYSTEM32\ntdll.dll
0x00007ffdab230000 - 0x00007ffdab2db000 	C:\WINDOWS\System32\KERNEL32.DLL
0x00007ffdaa580000 - 0x00007ffdaa79d000 	C:\WINDOWS\System32\KERNELBASE.dll
0x00007ffdab480000 - 0x00007ffdab522000 	C:\WINDOWS\System32\ADVAPI32.dll
0x00007ffdac370000 - 0x00007ffdac40e000 	C:\WINDOWS\System32\msvcrt.dll
0x00007ffdac2d0000 - 0x00007ffdac329000 	C:\WINDOWS\System32\sechost.dll
0x00007ffdab600000 - 0x00007ffdab721000 	C:\WINDOWS\System32\RPCRT4.dll
0x00007ffdad9a0000 - 0x00007ffdadb05000 	C:\WINDOWS\System32\USER32.dll
0x00007ffdaa560000 - 0x00007ffdaa57e000 	C:\WINDOWS\System32\win32u.dll
0x00007ffdabd50000 - 0x00007ffdabd84000 	C:\WINDOWS\System32\GDI32.dll
0x00007ffdaaf30000 - 0x00007ffdab0b2000 	C:\WINDOWS\System32\gdi32full.dll
0x00007ffd9cca0000 - 0x00007ffd9cf1a000 	C:\WINDOWS\WinSxS\amd64_microsoft.windows.common-controls_6595b64144ccf1df_6.0.14393.953_none_42151e83c686086b\COMCTL32.dll
0x00007ffdabe00000 - 0x00007ffdac0c8000 	C:\WINDOWS\System32\combase.dll
0x00007ffdab130000 - 0x00007ffdab225000 	C:\WINDOWS\System32\ucrtbase.dll
0x00007ffdab0c0000 - 0x00007ffdab12a000 	C:\WINDOWS\System32\bcryptPrimitives.dll
0x00007ffdac330000 - 0x00007ffdac35e000 	C:\WINDOWS\System32\IMM32.DLL
0x0000000059150000 - 0x0000000059222000 	C:\Program Files\Android\Android Studio\jre\jre\bin\msvcr100.dll
0x0000000059560000 - 0x0000000059d9c000 	C:\Program Files\Android\Android Studio\jre\jre\bin\server\jvm.dll
0x00007ffdac360000 - 0x00007ffdac368000 	C:\WINDOWS\System32\PSAPI.DLL
0x00007ffd97fb0000 - 0x00007ffd97fb9000 	C:\WINDOWS\SYSTEM32\WSOCK32.dll
0x00007ffda7ff0000 - 0x00007ffda8013000 	C:\WINDOWS\SYSTEM32\WINMM.dll
0x00007ffd99520000 - 0x00007ffd9952a000 	C:\WINDOWS\SYSTEM32\VERSION.dll
0x00007ffdab8b0000 - 0x00007ffdab91a000 	C:\WINDOWS\System32\WS2_32.dll
0x0000000002200000 - 0x000000000222b000 	C:\WINDOWS\SYSTEM32\WINMMBASE.dll
0x00007ffdaa1f0000 - 0x00007ffdaa232000 	C:\WINDOWS\System32\cfgmgr32.dll
0x00007ffda7440000 - 0x00007ffda744f000 	C:\Program Files\Android\Android Studio\jre\jre\bin\verify.dll
0x00007ffd9cf80000 - 0x00007ffd9cfa9000 	C:\Program Files\Android\Android Studio\jre\jre\bin\java.dll
0x00007ffd9fdd0000 - 0x00007ffd9fde6000 	C:\Program Files\Android\Android Studio\jre\jre\bin\zip.dll
0x00007ffdac490000 - 0x00007ffdad998000 	C:\WINDOWS\System32\SHELL32.dll
0x00007ffdaa850000 - 0x00007ffdaaf2a000 	C:\WINDOWS\System32\windows.storage.dll
0x00007ffdaa140000 - 0x00007ffdaa18c000 	C:\WINDOWS\System32\powrprof.dll
0x00007ffdadc50000 - 0x00007ffdadca2000 	C:\WINDOWS\System32\shlwapi.dll
0x00007ffdaa120000 - 0x00007ffdaa12f000 	C:\WINDOWS\System32\kernel.appcore.dll
0x00007ffdaa7a0000 - 0x00007ffdaa849000 	C:\WINDOWS\System32\shcore.dll
0x00007ffdaa100000 - 0x00007ffdaa114000 	C:\WINDOWS\System32\profapi.dll
0x00007ffd9e5f0000 - 0x00007ffd9e60a000 	C:\Program Files\Android\Android Studio\jre\jre\bin\net.dll
0x00007ffda9a30000 - 0x00007ffda9a8c000 	C:\WINDOWS\system32\mswsock.dll
0x00007ffd9d7f0000 - 0x00007ffd9d801000 	C:\Program Files\Android\Android Studio\jre\jre\bin\nio.dll
0x00007ffda7540000 - 0x00007ffda755e000 	C:\Users\Lenovo\.gradle\native\25\windows-amd64\native-platform.dll
0x00007ffda9be0000 - 0x00007ffda9bf7000 	C:\WINDOWS\SYSTEM32\CRYPTSP.dll
0x00007ffda9630000 - 0x00007ffda9663000 	C:\WINDOWS\system32\rsaenh.dll
0x00007ffda9ce0000 - 0x00007ffda9d0b000 	C:\WINDOWS\SYSTEM32\bcrypt.dll
0x00007ffda98b0000 - 0x00007ffda98cf000 	C:\WINDOWS\SYSTEM32\USERENV.dll
0x00007ffda9bd0000 - 0x00007ffda9bdb000 	C:\WINDOWS\SYSTEM32\CRYPTBASE.dll
0x00007ffda97b0000 - 0x00007ffda97e8000 	C:\WINDOWS\SYSTEM32\IPHLPAPI.DLL
0x00007ffdab530000 - 0x00007ffdab538000 	C:\WINDOWS\System32\NSI.dll
0x00007ffda0900000 - 0x00007ffda0916000 	C:\WINDOWS\SYSTEM32\dhcpcsvc6.DLL
0x00007ffda08e0000 - 0x00007ffda08fa000 	C:\WINDOWS\SYSTEM32\dhcpcsvc.DLL
0x00007ffda6990000 - 0x00007ffda699d000 	C:\Program Files\Android\Android Studio\jre\jre\bin\management.dll

VM Arguments:
jvm_args: -Xmx1536m -Dfile.encoding=GBK -Duser.country=CN -Duser.language=zh -Duser.variant 
java_command: org.gradle.launcher.daemon.bootstrap.GradleDaemon 3.5
java_class_path (initial): C:\Users\Lenovo\.gradle\wrapper\dists\gradle-3.5-all\9ae2nh42ptc2jt8zzab0zbjcv\gradle-3.5\lib\gradle-launcher-3.5.jar
Launcher Type: SUN_STANDARD

Environment Variables:
JAVA_HOME=C:\Program Files\Java\jdk1.7.0_80
CLASSPATH=.;C:\Program Files\Java\jdk1.7.0_80\lib\dt.jar;C:\Program Files\Java\jdk1.7.0_80\lib\tools.jar
PATH=C:\ProgramData\Oracle\Java\javapath;C:\Program Files (x86)\Intel\iCLS Client\;C:\Program Files\Intel\iCLS Client\;C:\Windows\system32;C:\Windows;C:\Windows\System32\Wbem;C:\Windows\System32\WindowsPowerShell\v1.0\;C:\Program Files\Lenovo\Fingerprint Manager Pro\;C:\Program Files (x86)\NVIDIA Corporation\PhysX\Common;C:\Program Files (x86)\Intel\Intel(R) Management Engine Components\DAL;C:\Program Files\Intel\Intel(R) Management Engine Components\DAL;C:\Program Files (x86)\Intel\Intel(R) Management Engine Components\IPT;C:\Program Files\Intel\Intel(R) Management Engine Components\IPT;C:\WINDOWS\system32;C:\WINDOWS;C:\WINDOWS\System32\Wbem;C:\WINDOWS\System32\WindowsPowerShell\v1.0\;C:\Program Files\Microsoft SQL Server\130\Tools\Binn\;C:\Program Files (x86)\IVI Foundation\VISA\WinNT\Bin\;C:\Program Files\IVI Foundation\VISA\Win64\Bin\;C:\Program Files (x86)\IVI Foundation\VISA\WinNT\Bin;D:\tool software\runtime\win64;D:\tool software\bin;D:\tool software\polyspace\bin;C:\Users\Lenovo\AppData\Local\Programs\Python\Python35\;C:\Program Files (x86)\Windows Kits\10\Windows Performance Toolkit\;C:\Program Files\Git\cmd;C:\Program Files\PuTTY\;C:\Program Files\Java\jdk1.7.0_80\lib\tools.jar;C:\Program Files\Java\jdk1.7.0_80\bin;C:\Program Files\Java\jdk1.7.0_80\jre\bin;C:\Program Files\MySQL\MySQL Utilities 1.6\;C:\Program Files\Intel\WiFi\bin\;C:\Program Files\Common Files\Intel\WirelessCommon\;.;C:\Program Files\Java\jdk1.7.0_80\bin;
USERNAME=David GAO
OS=Windows_NT
PROCESSOR_IDENTIFIER=Intel64 Family 6 Model 78 Stepping 3, GenuineIntel



---------------  S Y S T E M  ---------------

OS: Windows 10.0 , 64 bit Build 14393 (10.0.14393.0)

CPU:total 4 (2 cores per cpu, 2 threads per core) family 6 model 78 stepping 3, cmov, cx8, fxsr, mmx, sse, sse2, sse3, ssse3, sse4.1, sse4.2, popcnt, avx, avx2, clmul, erms, 3dnowpref, lzcnt, ht, tsc, tscinvbit, bmi1, bmi2, adx

Memory: 4k page, physical 7802192k(629852k free), swap 7802192k(4584k free)

vm_info: OpenJDK 64-Bit Server VM (25.112-b06) for windows-amd64 JRE (1.8.0_112-release-b06), built on Dec  8 2016 00:54:26 by "builder" with MS VC++ 10.0 (VS2010)

time: Wed Apr 26 19:43:04 2017
elapsed time: 2 seconds (0d 0h 0m 2s)

